[2024-12-07 01:42:41.617] [DISPLAY] [Main ] [launcher] Opening log file.
[2024-12-07 01:42:41.620] [DISPLAY] [Main ] [main] Command line: "C:\Program Files\Rockstar Games\Launcher\Launcher.exe" -skipPatcherCheck -steamAppId=12210 -steamLocation "C:\Program Files (x86)\Steam\steamapps\common\Grand Theft Auto IV\GTAIV" @args.txt -upgrade
[2024-12-07 01:42:41.620] [DISPLAY] [Main ] [main] P4 Version: 
[2024-12-07 01:42:41.620] [DISPLAY] [Main ] [main] RGL Branch: release_13
[2024-12-07 01:42:41.620] [DISPLAY] [Main ] [main] Version: 1.0.98.2208
[2024-12-07 01:42:41.620] [DISPLAY] [Main ] [main] Parameters:
[2024-12-07 01:42:41.620] [DISPLAY] [Main ] [main]     C:\Program Files\Rockstar Games\Launcher\Launcher.exe
[2024-12-07 01:42:41.620] [DISPLAY] [Main ] [main]     -skipPatcherCheck
[2024-12-07 01:42:41.620] [DISPLAY] [Main ] [main]     -steamAppId=12210
[2024-12-07 01:42:41.620] [DISPLAY] [Main ] [main]     -steamLocation
[2024-12-07 01:42:41.620] [DISPLAY] [Main ] [main]     C:\Program Files (x86)\Steam\steamapps\common\Grand Theft Auto IV\GTAIV
[2024-12-07 01:42:41.620] [DISPLAY] [Main ] [main]     @args.txt
[2024-12-07 01:42:41.620] [DISPLAY] [Main ] [main]     -upgrade
[2024-12-07 01:42:41.620] [DISPLAY] [Main ] [main] Initial Working Directory: C:\Program Files\Rockstar Games\Launcher
[2024-12-07 01:42:41.620] [DISPLAY] [Main ] [main] Working directory: C:\Program Files\Rockstar Games\Launcher
[2024-12-07 01:42:41.644] [DISPLAY] [Main ] [external] Creating Steam min mode launch
[2024-12-07 01:42:41.646] [DISPLAY] [Main ] [external] Steam App Id: 12210
[2024-12-07 01:42:41.646] [DISPLAY] [Main ] [external] Steam Location: C:\Program Files (x86)\Steam\steamapps\common\Grand Theft Auto IV\GTAIV
[2024-12-07 01:42:41.647] [DISPLAY] [Main ] [metadatamanager] Read external Steam metadata: gta4
[2024-12-07 01:42:41.647] [DISPLAY] [Main ] [external] App: gta4
[2024-12-07 01:42:41.663] [ ERROR ] [Main ] [shell] Could not do OpenProcess on parent process.
[2024-12-07 01:42:41.665] [DISPLAY] [Main ] [localisation] Language updated to: 7
[2024-12-07 01:42:41.681] [DISPLAY] [Main ] [titlestorage] Installed titles:
[2024-12-07 01:42:41.681] [DISPLAY] [Main ] [titlestorage]  Title                             Progress               Version              Location                                                    
[2024-12-07 01:42:41.690] [DISPLAY] [Main ] [svc] Service version: 1.0.98.2208 (1.0.98.2208)
[2024-12-07 01:42:41.781] [DISPLAY] [Main ] [minmode] Overriding language from external game launch: ru-RU
[2024-12-07 01:42:41.781] [DISPLAY] [Main ] [localisation] Language updated to: 7
[2024-12-07 01:42:41.782] [DISPLAY] [Main ] [fileutils] Version: 2.3.7.8 | 1.0.98.2208 | FFP
[2024-12-07 01:42:41.810] [DISPLAY] [Workr] [selfupdate] Up-to-date.
[2024-12-07 01:42:43.159] [DISPLAY] [Main ] [systemtray] System tray: enabled
[2024-12-07 01:42:43.166] [DISPLAY] [Main ] [launcher] Passed check: majorVersion(10.0.22631) >= 10
[2024-12-07 01:42:43.346] [DISPLAY] [bgsvc] [svc] Received response from service.
[2024-12-07 01:42:43.387] [DISPLAY] [Workr] [idownloader] Starting download of 'https://gamedownloads-rockstargames-com.akamaized.net/public/launcher_online_config.xml'
[2024-12-07 01:42:43.977] [DISPLAY] [Workr] [idownloader] Completed download of 'https://gamedownloads-rockstargames-com.akamaized.net/public/launcher_online_config.xml' (status: 0/200)
[2024-12-07 01:42:43.977] [DISPLAY] [Workr] [titlemanager] Downloading title list...
[2024-12-07 01:42:43.977] [DISPLAY] [Workr] [titlemanager] Downloading default title list (SCS)...
[2024-12-07 01:42:43.977] [DISPLAY] [Workr] [idownloader] Starting download of 'https://rgl-prod.ros.rockstargames.com/launcher/11/LauncherServices/App.asmx/GetDefaultApps?accessToken='
[2024-12-07 01:42:45.069] [DISPLAY] [Workr] [idownloader] Completed download of 'https://rgl-prod.ros.rockstargames.com/launcher/11/LauncherServices/App.asmx/GetDefaultApps?accessToken=' (status: 0/200)
[2024-12-07 01:42:45.069] [DISPLAY] [Workr] [titlemanager] Title list updated.
[2024-12-07 01:42:45.069] [DISPLAY] [Workr] [launcher] Checking for prerequisite updates...
[2024-12-07 01:42:45.124] [DISPLAY] [Workr] [preqmanager] A newer version of Social Club is available to be installed (available: 2.3.8.0, installed: 2.3.7.8)
[2024-12-07 01:42:45.124] [DISPLAY] [Workr] [preqmanager] Flagging Social Club for reinstall.
[2024-12-07 01:42:45.253] [DISPLAY] [Workr] [titleupdater] Installing prerequisites for title launcher
[2024-12-07 01:42:45.254] [DISPLAY] [Workr] [preqmanager] Installer version: 2.3.8.0
[2024-12-07 01:42:45.254] [DISPLAY] [Workr] [preqmanager] About to launch process: C:\Program Files\Rockstar Games\Launcher\Redistributables\SocialClub\Social-Club-Setup.exe (with commandline: /silent /forceinstall)
[2024-12-07 01:42:55.580] [DISPLAY] [Workr] [launcher] Checking minimum SDK requirement
[2024-12-07 01:42:55.654] [DISPLAY] [Workr] [launcher] Completed Social Club Pre-initialization tasks
[2024-12-07 01:42:59.171] [DISPLAY] [Main ] [launcher] Social Club UI has started.
[2024-12-07 01:42:59.172] [DISPLAY] [Admin] [external] Setting up steam title: gta4
[2024-12-07 01:42:59.172] [DISPLAY] [Admin] [external] Successfully setup title
[2024-12-07 01:42:59.201] [DISPLAY] [Main ] [external] Client is ready to attempt a launch.
[2024-12-07 01:43:15.711] [DISPLAY] [Main ] [launcher] Presence Event - Signed In
[2024-12-07 01:43:15.711] [DISPLAY] [Main ] [launcher] User 'Qhalgas' is now signed in
[2024-12-07 01:43:15.740] [DISPLAY] [Main ] [launcher] Presence Event :: Went Online
[2024-12-07 01:43:15.740] [DISPLAY] [Admin] [titlemanager] Downloading title list...
[2024-12-07 01:43:15.741] [DISPLAY] [Main ] [launcher] Time to start up: 35250 ms
[2024-12-07 01:43:15.750] [DISPLAY] [Admin] [titlemanager] Downloading title list (SCS)...
[2024-12-07 01:43:15.751] [DISPLAY] [Main ] [ui_mainwindow] Using DPI 120,120
[2024-12-07 01:43:15.751] [DISPLAY] [Main ] [ui_mainwindow] Using UI Scale: 1.25
[2024-12-07 01:43:15.752] [DISPLAY] [Main ] [ui_mainwindow] Using saved geometry: 160,135 (1600 x 750)
[2024-12-07 01:43:15.783] [DISPLAY] [Main ] [systemtray] System tray: enabled
[2024-12-07 01:43:15.798] [DISPLAY] [Main ] [scuicallbacks] Enabling Downloading
[2024-12-07 01:43:16.005] [DISPLAY] [Main ] [launcher] Friend Event - Friends are Available
[2024-12-07 01:43:16.070] [DISPLAY] [Setti] [localisation] Language updated to: 7
[2024-12-07 01:43:16.260] [DISPLAY] [Main ] [scuicallbacks] Setting updated
[2024-12-07 01:43:16.260] [DISPLAY] [Main ] [scuicallbacks] Launch requested
[2024-12-07 01:43:16.260] [DISPLAY] [Main ] [scuicallbacks] Launch requested by user: gta4, 
[2024-12-07 01:43:16.260] [DISPLAY] [Main ] [external] Frontend is ready to launch the title
[2024-12-07 01:43:16.260] [DISPLAY] [Main ] [external] Attempting external title launch...
[2024-12-07 01:43:16.353] [DISPLAY] [Setti] [localisation] Language updated to: 7
[2024-12-07 01:43:17.843] [DISPLAY] [Admin] [titlemanager] Title list updated.
[2024-12-07 01:43:17.844] [DISPLAY] [Admin] [external] Attempting Steam launch. User is 'akhmetdyanz'
[2024-12-07 01:43:17.961] [DISPLAY] [ 3532] [gamelaunch] Title has no minimum RGL version.
[2024-12-07 01:43:17.961] [DISPLAY] [ 3532] [gamelaunch] Title has no minimum RGL version.
[2024-12-07 01:43:20.961] [DISPLAY] [Admin] [titlemanager] Downloading title list...
[2024-12-07 01:43:20.961] [DISPLAY] [Admin] [titlemanager] Downloading title list (SCS)...
[2024-12-07 01:43:23.322] [DISPLAY] [Admin] [titlemanager] Title list updated.
[2024-12-07 01:43:24.847] [DISPLAY] [Main ] [gfwl] No GFWL save data migration is required.
[2024-12-07 01:43:24.864] [DISPLAY] [Main ] [cloudsaveop] Cloud Save sync requested for app 'gta4'
[2024-12-07 01:43:24.880] [DISPLAY] [Main ] [cloudsaveop] Starting cloud save enabled check for app 'gta4'
[2024-12-07 01:43:24.892] [DISPLAY] [Main ] [cloudsaveop] Received cloud saves enabled state for app 'gta4' = enabled
[2024-12-07 01:43:24.892] [DISPLAY] [Main ] [cloudsaveop] Identifying potential cloud save conflicts for app 'gta4'
[2024-12-07 01:43:27.915] [DISPLAY] [Main ] [cloudsaveop] Received modification list of cloud save files for title 'gta4'
[2024-12-07 01:43:27.915] [DISPLAY] [Main ] [cloudsaveop] Retrieving conflict metadata for app 'gta4'
[2024-12-07 01:43:27.932] [DISPLAY] [Main ] [cloudsaveop] Downloaded conflict metadata for app 'gta4'
[2024-12-07 01:43:27.932] [DISPLAY] [Main ] [cloudsaveop] Posting updated files for app 'gta4'
[2024-12-07 01:43:27.950] [DISPLAY] [Main ] [cloudsaveop] File uploading completed for app 'gta4'
[2024-12-07 01:43:27.950] [DISPLAY] [Main ] [cloudsaveop] Getting update files for app 'gta4'
[2024-12-07 01:43:27.967] [DISPLAY] [Main ] [cloudsaveop] File downloading completed for app 'gta4'
[2024-12-07 01:43:27.967] [DISPLAY] [Main ] [cloudsaveop] Deleting updated files for app 'gta4'
[2024-12-07 01:43:27.984] [DISPLAY] [Main ] [cloudsaveop] Files deletion completed for app 'gta4'
[2024-12-07 01:43:27.984] [DISPLAY] [Main ] [cloudsaveop] Swapping updated files in place for app 'gta4'
[2024-12-07 01:43:28.002] [DISPLAY] [Main ] [cloudsaveop] Finished syncing cloud saves for app 'gta4'
[2024-12-07 01:43:30.075] [DISPLAY] [ 3532] [gamelaunch] Launching game...
[2024-12-07 01:43:30.075] [DISPLAY] [ 3532] [gamelaunch]  Path: C:\Program Files (x86)\Steam\steamapps\common\Grand Theft Auto IV\GTAIV\GTAIV.exe
[2024-12-07 01:43:30.075] [DISPLAY] [ 3532] [gamelaunch]  Command Line: "C:\Program Files (x86)\Steam\steamapps\common\Grand Theft Auto IV\GTAIV\GTAIV.exe" -skipPatcherCheck -steamLocation "C:\Program Files (x86)\Steam\steamapps\common\Grand Theft Auto IV\GTAIV" @args.txt -upgrade -useSteam -steamAppId=12210 -scCommerceProvider=4 @commandline.txt -fromRGL -rglLanguage=ru-RU
[2024-12-07 01:43:30.075] [DISPLAY] [ 3532] [gamelaunch]  Working Directory: C:\Program Files (x86)\Steam\steamapps\common\Grand Theft Auto IV\GTAIV
