[2024-12-08 15:17:14.077] [DISPLAY] [Main ] [launcher] Opening log file.
[2024-12-08 15:17:14.080] [DISPLAY] [Main ] [main] Command line: "C:\Program Files\Rockstar Games\Launcher\Launcher.exe" -skipPatcherCheck -steamAppId=12210 -steamLocation "C:\Program Files (x86)\Steam\steamapps\common\Grand Theft Auto IV\GTAIV" @args.txt
[2024-12-08 15:17:14.080] [DISPLAY] [Main ] [main] P4 Version: 
[2024-12-08 15:17:14.080] [DISPLAY] [Main ] [main] RGL Branch: release_13
[2024-12-08 15:17:14.080] [DISPLAY] [Main ] [main] Version: 1.0.98.2208
[2024-12-08 15:17:14.080] [DISPLAY] [Main ] [main] Parameters:
[2024-12-08 15:17:14.080] [DISPLAY] [Main ] [main]     C:\Program Files\Rockstar Games\Launcher\Launcher.exe
[2024-12-08 15:17:14.080] [DISPLAY] [Main ] [main]     -skipPatcherCheck
[2024-12-08 15:17:14.080] [DISPLAY] [Main ] [main]     -steamAppId=12210
[2024-12-08 15:17:14.080] [DISPLAY] [Main ] [main]     -steamLocation
[2024-12-08 15:17:14.080] [DISPLAY] [Main ] [main]     C:\Program Files (x86)\Steam\steamapps\common\Grand Theft Auto IV\GTAIV
[2024-12-08 15:17:14.080] [DISPLAY] [Main ] [main]     @args.txt
[2024-12-08 15:17:14.080] [DISPLAY] [Main ] [main] Initial Working Directory: C:\Program Files (x86)\Steam\steamapps\common\Grand Theft Auto IV\GTAIV
[2024-12-08 15:17:14.080] [DISPLAY] [Main ] [main] Working directory: C:\Program Files\Rockstar Games\Launcher
[2024-12-08 15:17:14.100] [DISPLAY] [Main ] [external] Creating Steam min mode launch
[2024-12-08 15:17:14.107] [DISPLAY] [Main ] [external] Steam App Id: 12210
[2024-12-08 15:17:14.107] [DISPLAY] [Main ] [external] Steam Location: C:\Program Files (x86)\Steam\steamapps\common\Grand Theft Auto IV\GTAIV
[2024-12-08 15:17:14.107] [DISPLAY] [Main ] [metadatamanager] Read external Steam metadata: gta4
[2024-12-08 15:17:14.107] [DISPLAY] [Main ] [external] App: gta4
[2024-12-08 15:17:14.140] [DISPLAY] [Main ] [localisation] Language updated to: 7
[2024-12-08 15:17:14.164] [DISPLAY] [Main ] [titlestorage] Installed titles:
[2024-12-08 15:17:14.164] [DISPLAY] [Main ] [titlestorage]  Title                             Progress               Version              Location                                                    
[2024-12-08 15:17:14.262] [DISPLAY] [Main ] [svc] Service version: 1.0.98.2208 (1.0.98.2208)
[2024-12-08 15:17:15.708] [DISPLAY] [Main ] [minmode] Overriding language from external game launch: ru-RU
[2024-12-08 15:17:15.708] [DISPLAY] [Main ] [localisation] Language updated to: 7
[2024-12-08 15:17:15.709] [DISPLAY] [Main ] [fileutils] Version: 2.3.8.0 | 1.0.98.2208 | FFP
[2024-12-08 15:17:15.750] [DISPLAY] [Workr] [selfupdate] Up-to-date.
[2024-12-08 15:17:15.908] [DISPLAY] [bgsvc] [svc] Received response from service.
[2024-12-08 15:17:16.741] [DISPLAY] [Main ] [systemtray] System tray: enabled
[2024-12-08 15:17:16.749] [DISPLAY] [Main ] [launcher] Passed check: majorVersion(10.0.22631) >= 10
[2024-12-08 15:17:16.786] [DISPLAY] [Workr] [idownloader] Starting download of 'https://gamedownloads-rockstargames-com.akamaized.net/public/launcher_online_config.xml'
[2024-12-08 15:17:17.595] [DISPLAY] [Workr] [idownloader] Completed download of 'https://gamedownloads-rockstargames-com.akamaized.net/public/launcher_online_config.xml' (status: 0/200)
[2024-12-08 15:17:17.595] [DISPLAY] [Workr] [titlemanager] Downloading title list...
[2024-12-08 15:17:17.595] [DISPLAY] [Workr] [titlemanager] Downloading default title list (SCS)...
[2024-12-08 15:17:17.595] [DISPLAY] [Workr] [idownloader] Starting download of 'https://rgl-prod.ros.rockstargames.com/launcher/11/LauncherServices/App.asmx/GetDefaultApps?accessToken='
[2024-12-08 15:17:18.924] [DISPLAY] [Workr] [idownloader] Completed download of 'https://rgl-prod.ros.rockstargames.com/launcher/11/LauncherServices/App.asmx/GetDefaultApps?accessToken=' (status: 0/200)
[2024-12-08 15:17:18.924] [DISPLAY] [Workr] [titlemanager] Title list updated.
[2024-12-08 15:17:18.924] [DISPLAY] [Workr] [launcher] Checking for self-update...
[2024-12-08 15:17:18.933] [DISPLAY] [Workr] [statuschecker] Title Rockstar Games Launcher: No update
[2024-12-08 15:17:18.939] [DISPLAY] [Workr] [launcher] No self-update, continuing.
[2024-12-08 15:17:18.939] [DISPLAY] [Workr] [launcher] Checking for prerequisite updates...
[2024-12-08 15:17:19.002] [DISPLAY] [Workr] [preqmanager] The Social Club version available matches that currently installed (both: 2.3.8.0)
[2024-12-08 15:17:19.002] [DISPLAY] [Workr] [titleupdater] No prerequisites to install.
[2024-12-08 15:17:19.002] [DISPLAY] [Workr] [launcher] Checking minimum SDK requirement
[2024-12-08 15:17:19.004] [DISPLAY] [Workr] [launcher] Completed Social Club Pre-initialization tasks
[2024-12-08 15:17:23.802] [DISPLAY] [Main ] [launcher] Social Club UI has started.
[2024-12-08 15:17:23.803] [DISPLAY] [Admin] [external] Setting up steam title: gta4
[2024-12-08 15:17:23.803] [DISPLAY] [Admin] [external] Successfully setup title
[2024-12-08 15:17:23.819] [DISPLAY] [Main ] [external] Client is ready to attempt a launch.
[2024-12-08 15:17:35.778] [DISPLAY] [Main ] [launcher] Presence Event - Signed In
[2024-12-08 15:17:35.778] [DISPLAY] [Main ] [launcher] User 'Qhalgas' is now signed in
[2024-12-08 15:17:35.836] [DISPLAY] [Main ] [launcher] Presence Event :: Went Online
[2024-12-08 15:17:35.836] [DISPLAY] [Admin] [titlemanager] Downloading title list...
[2024-12-08 15:17:35.836] [DISPLAY] [Main ] [launcher] Time to start up: 23631 ms
[2024-12-08 15:17:35.846] [DISPLAY] [Admin] [titlemanager] Downloading title list (SCS)...
[2024-12-08 15:17:35.849] [DISPLAY] [Main ] [ui_mainwindow] Using DPI 120,120
[2024-12-08 15:17:35.849] [DISPLAY] [Main ] [ui_mainwindow] Using UI Scale: 1.25
[2024-12-08 15:17:35.850] [DISPLAY] [Main ] [ui_mainwindow] Using saved geometry: 160,135 (1600 x 750)
[2024-12-08 15:17:35.889] [DISPLAY] [Main ] [systemtray] System tray: enabled
[2024-12-08 15:17:35.901] [DISPLAY] [Main ] [scuicallbacks] Enabling Downloading
[2024-12-08 15:17:36.202] [DISPLAY] [Main ] [launcher] Friend Event - Friends are Available
[2024-12-08 15:17:36.245] [DISPLAY] [Setti] [localisation] Language updated to: 7
[2024-12-08 15:17:36.355] [DISPLAY] [Main ] [scuicallbacks] Setting updated
[2024-12-08 15:17:36.355] [DISPLAY] [Main ] [scuicallbacks] Launch requested
[2024-12-08 15:17:36.355] [DISPLAY] [Main ] [scuicallbacks] Launch requested by user: gta4, 
[2024-12-08 15:17:36.355] [DISPLAY] [Main ] [external] Frontend is ready to launch the title
[2024-12-08 15:17:36.355] [DISPLAY] [Main ] [external] Attempting external title launch...
[2024-12-08 15:17:36.436] [DISPLAY] [Setti] [localisation] Language updated to: 7
[2024-12-08 15:17:38.326] [DISPLAY] [Admin] [titlemanager] Title list updated.
[2024-12-08 15:17:38.327] [DISPLAY] [Admin] [external] Attempting Steam launch. User is 'akhmetdyanz'
[2024-12-08 15:17:38.430] [DISPLAY] [30872] [gamelaunch] Title has no minimum RGL version.
[2024-12-08 15:17:38.430] [DISPLAY] [30872] [gamelaunch] Title has no minimum RGL version.
[2024-12-08 15:17:40.462] [DISPLAY] [Admin] [titlemanager] Downloading title list...
[2024-12-08 15:17:40.462] [DISPLAY] [Admin] [titlemanager] Downloading title list (SCS)...
[2024-12-08 15:17:43.498] [DISPLAY] [Admin] [titlemanager] Title list updated.
[2024-12-08 15:17:47.062] [DISPLAY] [Main ] [gfwl] No GFWL save data migration is required.
[2024-12-08 15:17:47.079] [DISPLAY] [Main ] [cloudsaveop] Cloud Save sync requested for app 'gta4'
[2024-12-08 15:17:47.096] [DISPLAY] [Main ] [cloudsaveop] Starting cloud save enabled check for app 'gta4'
[2024-12-08 15:17:47.109] [DISPLAY] [Main ] [cloudsaveop] Received cloud saves enabled state for app 'gta4' = enabled
[2024-12-08 15:17:47.109] [DISPLAY] [Main ] [cloudsaveop] Identifying potential cloud save conflicts for app 'gta4'
[2024-12-08 15:17:50.324] [DISPLAY] [Main ] [cloudsaveop] Received modification list of cloud save files for title 'gta4'
[2024-12-08 15:17:50.324] [DISPLAY] [Main ] [cloudsaveop] Retrieving conflict metadata for app 'gta4'
[2024-12-08 15:17:50.341] [DISPLAY] [Main ] [cloudsaveop] Downloaded conflict metadata for app 'gta4'
[2024-12-08 15:17:50.341] [DISPLAY] [Main ] [cloudsaveop] Posting updated files for app 'gta4'
[2024-12-08 15:17:50.358] [DISPLAY] [Main ] [cloudsaveop] File uploading completed for app 'gta4'
[2024-12-08 15:17:50.358] [DISPLAY] [Main ] [cloudsaveop] Getting update files for app 'gta4'
[2024-12-08 15:17:50.394] [DISPLAY] [Main ] [cloudsaveop] File downloading completed for app 'gta4'
[2024-12-08 15:17:50.394] [DISPLAY] [Main ] [cloudsaveop] Deleting updated files for app 'gta4'
[2024-12-08 15:17:50.412] [DISPLAY] [Main ] [cloudsaveop] Files deletion completed for app 'gta4'
[2024-12-08 15:17:50.412] [DISPLAY] [Main ] [cloudsaveop] Swapping updated files in place for app 'gta4'
[2024-12-08 15:17:50.429] [DISPLAY] [Main ] [cloudsaveop] Finished syncing cloud saves for app 'gta4'
[2024-12-08 15:17:54.284] [DISPLAY] [30872] [gamelaunch] Launching game...
[2024-12-08 15:17:54.284] [DISPLAY] [30872] [gamelaunch]  Path: C:\Program Files (x86)\Steam\steamapps\common\Grand Theft Auto IV\GTAIV\GTAIV.exe
[2024-12-08 15:17:54.284] [DISPLAY] [30872] [gamelaunch]  Command Line: "C:\Program Files (x86)\Steam\steamapps\common\Grand Theft Auto IV\GTAIV\GTAIV.exe" -skipPatcherCheck -steamLocation "C:\Program Files (x86)\Steam\steamapps\common\Grand Theft Auto IV\GTAIV" @args.txt -useSteam -steamAppId=12210 -scCommerceProvider=4 @commandline.txt -fromRGL -rglLanguage=ru-RU
[2024-12-08 15:17:54.284] [DISPLAY] [30872] [gamelaunch]  Working Directory: C:\Program Files (x86)\Steam\steamapps\common\Grand Theft Auto IV\GTAIV
[2024-12-08 15:17:59.344] [DISPLAY] [30872] [gamelaunch] Game exited with code 0xc0000005 (3221225477)
[2024-12-08 15:17:59.347] [DISPLAY] [30872] [crashdetection] Game left no exit file.
[2024-12-08 15:17:59.347] [ ERROR ] [30872] [crashdetection] Exit code 0xc0000005 indicates a fatal game exit (reason: STATUS_ACCESS_VIOLATION)
[2024-12-08 15:17:59.347] [ ERROR ] [30872] [gamelaunch] Game did not create a window and exited with code 0xc0000005, which likely indicates a fatal game exit during startup
[2024-12-08 15:18:07.537] [DISPLAY] [Main ] [cloudsaveop] Cloud Save sync requested for app 'gta4'
[2024-12-08 15:18:07.555] [DISPLAY] [Main ] [cloudsaveop] Starting cloud save enabled check for app 'gta4'
[2024-12-08 15:18:07.556] [DISPLAY] [Main ] [cloudsaveop] Received cloud saves enabled state for app 'gta4' = enabled
[2024-12-08 15:18:07.556] [DISPLAY] [Main ] [cloudsaveop] Identifying potential cloud save conflicts for app 'gta4'
[2024-12-08 15:18:09.524] [DISPLAY] [Main ] [cloudsaveop] Received modification list of cloud save files for title 'gta4'
[2024-12-08 15:18:09.524] [DISPLAY] [Main ] [cloudsaveop] Retrieving conflict metadata for app 'gta4'
[2024-12-08 15:18:09.541] [DISPLAY] [Main ] [cloudsaveop] Downloaded conflict metadata for app 'gta4'
[2024-12-08 15:18:09.541] [DISPLAY] [Main ] [cloudsaveop] Posting updated files for app 'gta4'
[2024-12-08 15:18:09.558] [DISPLAY] [Main ] [cloudsaveop] File uploading completed for app 'gta4'
[2024-12-08 15:18:09.558] [DISPLAY] [Main ] [cloudsaveop] Getting update files for app 'gta4'
[2024-12-08 15:18:09.575] [DISPLAY] [Main ] [cloudsaveop] File downloading completed for app 'gta4'
[2024-12-08 15:18:09.575] [DISPLAY] [Main ] [cloudsaveop] Deleting updated files for app 'gta4'
[2024-12-08 15:18:09.592] [DISPLAY] [Main ] [cloudsaveop] Files deletion completed for app 'gta4'
[2024-12-08 15:18:09.592] [DISPLAY] [Main ] [cloudsaveop] Swapping updated files in place for app 'gta4'
[2024-12-08 15:18:09.610] [DISPLAY] [Main ] [cloudsaveop] Finished syncing cloud saves for app 'gta4'
[2024-12-08 15:18:11.431] [DISPLAY] [30872] [launcher] Shutdown requested! Forced: false
[2024-12-08 15:18:11.432] [DISPLAY] [Main ] [launcher] StartShutdown - Now in progress
[2024-12-08 15:18:12.435] [WARNING] [Main ] [worker] Not adding job due to thread exiting
[2024-12-08 15:18:12.452] [WARNING] [Main ] [worker] Not adding job due to thread exiting
[2024-12-08 15:18:12.510] [DISPLAY] [Setti] [localisation] Language updated to: 7
[2024-12-08 15:18:15.566] [DISPLAY] [Main ] [app] Application quit requested (exit code: 0)
[2024-12-08 15:18:15.597] [DISPLAY] [Main ] [svc] Stopping the background service.
