[2024-12-08 15:18:34.845] [DISPLAY] [Main ] [launcher] Opening log file.
[2024-12-08 15:18:34.848] [DISPLAY] [Main ] [main] Command line: "C:\Program Files\Rockstar Games\Launcher\Launcher.exe" -skipPatcherCheck -steamAppId=12210 -steamLocation "C:\Program Files (x86)\Steam\steamapps\common\Grand Theft Auto IV\GTAIV" @args.txt
[2024-12-08 15:18:34.848] [DISPLAY] [Main ] [main] P4 Version: 
[2024-12-08 15:18:34.848] [DISPLAY] [Main ] [main] RGL Branch: release_13
[2024-12-08 15:18:34.848] [DISPLAY] [Main ] [main] Version: 1.0.98.2208
[2024-12-08 15:18:34.848] [DISPLAY] [Main ] [main] Parameters:
[2024-12-08 15:18:34.848] [DISPLAY] [Main ] [main]     C:\Program Files\Rockstar Games\Launcher\Launcher.exe
[2024-12-08 15:18:34.848] [DISPLAY] [Main ] [main]     -skipPatcherCheck
[2024-12-08 15:18:34.848] [DISPLAY] [Main ] [main]     -steamAppId=12210
[2024-12-08 15:18:34.848] [DISPLAY] [Main ] [main]     -steamLocation
[2024-12-08 15:18:34.848] [DISPLAY] [Main ] [main]     C:\Program Files (x86)\Steam\steamapps\common\Grand Theft Auto IV\GTAIV
[2024-12-08 15:18:34.848] [DISPLAY] [Main ] [main]     @args.txt
[2024-12-08 15:18:34.848] [DISPLAY] [Main ] [main] Initial Working Directory: C:\Program Files (x86)\Steam\steamapps\common\Grand Theft Auto IV\GTAIV
[2024-12-08 15:18:34.848] [DISPLAY] [Main ] [main] Working directory: C:\Program Files\Rockstar Games\Launcher
[2024-12-08 15:18:34.869] [DISPLAY] [Main ] [external] Creating Steam min mode launch
[2024-12-08 15:18:34.871] [DISPLAY] [Main ] [external] Steam App Id: 12210
[2024-12-08 15:18:34.871] [DISPLAY] [Main ] [external] Steam Location: C:\Program Files (x86)\Steam\steamapps\common\Grand Theft Auto IV\GTAIV
[2024-12-08 15:18:34.873] [DISPLAY] [Main ] [metadatamanager] Read external Steam metadata: gta4
[2024-12-08 15:18:34.873] [DISPLAY] [Main ] [external] App: gta4
[2024-12-08 15:18:34.890] [DISPLAY] [Main ] [localisation] Language updated to: 7
[2024-12-08 15:18:34.907] [DISPLAY] [Main ] [titlestorage] Installed titles:
[2024-12-08 15:18:34.907] [DISPLAY] [Main ] [titlestorage]  Title                             Progress               Version              Location                                                    
[2024-12-08 15:18:34.916] [DISPLAY] [Main ] [svc] Service version: 1.0.98.2208 (1.0.98.2208)
[2024-12-08 15:18:35.023] [DISPLAY] [Main ] [minmode] Overriding language from external game launch: ru-RU
[2024-12-08 15:18:35.023] [DISPLAY] [Main ] [localisation] Language updated to: 7
[2024-12-08 15:18:35.024] [DISPLAY] [Main ] [fileutils] Version: 2.3.8.0 | 1.0.98.2208 | FFP
[2024-12-08 15:18:35.046] [DISPLAY] [Workr] [selfupdate] Up-to-date.
[2024-12-08 15:18:36.378] [DISPLAY] [Main ] [systemtray] System tray: enabled
[2024-12-08 15:18:36.395] [DISPLAY] [Main ] [launcher] Passed check: majorVersion(10.0.22631) >= 10
[2024-12-08 15:18:36.535] [DISPLAY] [bgsvc] [svc] Received response from service.
[2024-12-08 15:18:36.584] [DISPLAY] [Workr] [idownloader] Starting download of 'https://gamedownloads-rockstargames-com.akamaized.net/public/launcher_online_config.xml'
[2024-12-08 15:18:37.211] [DISPLAY] [Workr] [idownloader] Completed download of 'https://gamedownloads-rockstargames-com.akamaized.net/public/launcher_online_config.xml' (status: 0/200)
[2024-12-08 15:18:37.211] [DISPLAY] [Workr] [titlemanager] Downloading title list...
[2024-12-08 15:18:37.211] [DISPLAY] [Workr] [titlemanager] Downloading default title list (SCS)...
[2024-12-08 15:18:37.211] [DISPLAY] [Workr] [idownloader] Starting download of 'https://rgl-prod.ros.rockstargames.com/launcher/11/LauncherServices/App.asmx/GetDefaultApps?accessToken='
[2024-12-08 15:18:38.680] [DISPLAY] [Workr] [idownloader] Completed download of 'https://rgl-prod.ros.rockstargames.com/launcher/11/LauncherServices/App.asmx/GetDefaultApps?accessToken=' (status: 0/200)
[2024-12-08 15:18:38.680] [DISPLAY] [Workr] [titlemanager] Title list updated.
[2024-12-08 15:18:38.680] [DISPLAY] [Workr] [launcher] Checking for self-update...
[2024-12-08 15:18:38.686] [DISPLAY] [Workr] [statuschecker] Title Rockstar Games Launcher: No update
[2024-12-08 15:18:38.690] [DISPLAY] [Workr] [launcher] No self-update, continuing.
[2024-12-08 15:18:38.690] [DISPLAY] [Workr] [launcher] Checking for prerequisite updates...
[2024-12-08 15:18:38.691] [DISPLAY] [Workr] [preqmanager] The Social Club version available matches that currently installed (both: 2.3.8.0)
[2024-12-08 15:18:38.691] [DISPLAY] [Workr] [titleupdater] No prerequisites to install.
[2024-12-08 15:18:38.691] [DISPLAY] [Workr] [launcher] Checking minimum SDK requirement
[2024-12-08 15:18:38.693] [DISPLAY] [Workr] [launcher] Completed Social Club Pre-initialization tasks
[2024-12-08 15:18:41.390] [DISPLAY] [Main ] [launcher] Social Club UI has started.
[2024-12-08 15:18:41.391] [DISPLAY] [Admin] [external] Setting up steam title: gta4
[2024-12-08 15:18:41.391] [DISPLAY] [Admin] [external] Successfully setup title
[2024-12-08 15:18:41.407] [DISPLAY] [Main ] [external] Client is ready to attempt a launch.
[2024-12-08 15:18:45.197] [DISPLAY] [Main ] [launcher] Presence Event - Signed In
[2024-12-08 15:18:45.197] [DISPLAY] [Main ] [launcher] User 'Qhalgas' is now signed in
[2024-12-08 15:18:45.225] [DISPLAY] [Main ] [launcher] Presence Event :: Went Online
[2024-12-08 15:18:45.226] [DISPLAY] [Admin] [titlemanager] Downloading title list...
[2024-12-08 15:18:45.226] [DISPLAY] [Main ] [launcher] Time to start up: 11960 ms
[2024-12-08 15:18:45.226] [DISPLAY] [Admin] [titlemanager] Downloading title list (SCS)...
[2024-12-08 15:18:45.230] [DISPLAY] [Main ] [ui_mainwindow] Using DPI 120,120
[2024-12-08 15:18:45.230] [DISPLAY] [Main ] [ui_mainwindow] Using UI Scale: 1.25
[2024-12-08 15:18:45.230] [DISPLAY] [Main ] [ui_mainwindow] Using saved geometry: 160,135 (1600 x 750)
[2024-12-08 15:18:45.288] [DISPLAY] [Main ] [systemtray] System tray: enabled
[2024-12-08 15:18:45.298] [DISPLAY] [Main ] [scuicallbacks] Enabling Downloading
[2024-12-08 15:18:45.476] [DISPLAY] [Main ] [launcher] Friend Event - Friends are Available
[2024-12-08 15:18:45.812] [DISPLAY] [Main ] [scuicallbacks] Setting updated
[2024-12-08 15:18:45.812] [DISPLAY] [Main ] [scuicallbacks] Launch requested
[2024-12-08 15:18:45.812] [DISPLAY] [Main ] [scuicallbacks] Launch requested by user: gta4, 
[2024-12-08 15:18:45.812] [DISPLAY] [Main ] [external] Frontend is ready to launch the title
[2024-12-08 15:18:45.812] [DISPLAY] [Main ] [external] Attempting external title launch...
[2024-12-08 15:18:45.901] [DISPLAY] [Setti] [localisation] Language updated to: 7
[2024-12-08 15:18:48.847] [DISPLAY] [Admin] [titlemanager] Title list updated.
[2024-12-08 15:18:48.848] [DISPLAY] [Admin] [external] Attempting Steam launch. User is 'akhmetdyanz'
[2024-12-08 15:18:48.883] [DISPLAY] [28924] [gamelaunch] Title has no minimum RGL version.
[2024-12-08 15:18:48.883] [DISPLAY] [28924] [gamelaunch] Title has no minimum RGL version.
[2024-12-08 15:18:50.779] [DISPLAY] [Admin] [titlemanager] Downloading title list...
[2024-12-08 15:18:50.779] [DISPLAY] [Admin] [titlemanager] Downloading title list (SCS)...
[2024-12-08 15:18:53.518] [DISPLAY] [Admin] [titlemanager] Title list updated.
[2024-12-08 15:18:55.821] [DISPLAY] [Main ] [gfwl] No GFWL save data migration is required.
[2024-12-08 15:18:55.838] [DISPLAY] [Main ] [cloudsaveop] Cloud Save sync requested for app 'gta4'
[2024-12-08 15:18:55.855] [DISPLAY] [Main ] [cloudsaveop] Starting cloud save enabled check for app 'gta4'
[2024-12-08 15:18:55.856] [DISPLAY] [Main ] [cloudsaveop] Received cloud saves enabled state for app 'gta4' = enabled
[2024-12-08 15:18:55.856] [DISPLAY] [Main ] [cloudsaveop] Identifying potential cloud save conflicts for app 'gta4'
[2024-12-08 15:18:58.775] [DISPLAY] [Main ] [cloudsaveop] Received modification list of cloud save files for title 'gta4'
[2024-12-08 15:18:58.775] [DISPLAY] [Main ] [cloudsaveop] Retrieving conflict metadata for app 'gta4'
[2024-12-08 15:18:58.793] [DISPLAY] [Main ] [cloudsaveop] Downloaded conflict metadata for app 'gta4'
[2024-12-08 15:18:58.793] [DISPLAY] [Main ] [cloudsaveop] Posting updated files for app 'gta4'
[2024-12-08 15:18:58.809] [DISPLAY] [Main ] [cloudsaveop] File uploading completed for app 'gta4'
[2024-12-08 15:18:58.809] [DISPLAY] [Main ] [cloudsaveop] Getting update files for app 'gta4'
[2024-12-08 15:18:58.826] [DISPLAY] [Main ] [cloudsaveop] File downloading completed for app 'gta4'
[2024-12-08 15:18:58.826] [DISPLAY] [Main ] [cloudsaveop] Deleting updated files for app 'gta4'
[2024-12-08 15:18:58.842] [DISPLAY] [Main ] [cloudsaveop] Files deletion completed for app 'gta4'
[2024-12-08 15:18:58.842] [DISPLAY] [Main ] [cloudsaveop] Swapping updated files in place for app 'gta4'
[2024-12-08 15:18:58.859] [DISPLAY] [Main ] [cloudsaveop] Finished syncing cloud saves for app 'gta4'
[2024-12-08 15:19:01.228] [DISPLAY] [28924] [gamelaunch] Launching game...
[2024-12-08 15:19:01.228] [DISPLAY] [28924] [gamelaunch]  Path: C:\Program Files (x86)\Steam\steamapps\common\Grand Theft Auto IV\GTAIV\GTAIV.exe
[2024-12-08 15:19:01.228] [DISPLAY] [28924] [gamelaunch]  Command Line: "C:\Program Files (x86)\Steam\steamapps\common\Grand Theft Auto IV\GTAIV\GTAIV.exe" -skipPatcherCheck -steamLocation "C:\Program Files (x86)\Steam\steamapps\common\Grand Theft Auto IV\GTAIV" @args.txt -useSteam -steamAppId=12210 -scCommerceProvider=4 @commandline.txt -fromRGL -rglLanguage=ru-RU
[2024-12-08 15:19:01.228] [DISPLAY] [28924] [gamelaunch]  Working Directory: C:\Program Files (x86)\Steam\steamapps\common\Grand Theft Auto IV\GTAIV
