[2024-09-21 19:56:02.208] [DISPLAY] [Main ] [launcher] Opening log file.
[2024-09-21 19:56:02.217] [DISPLAY] [Main ] [main] Command line: "C:\Program Files\Rockstar Games\Launcher\Launcher.exe" -skipPatcherCheck -steamAppId=12210 -steamLocation "C:\Program Files (x86)\Steam\steamapps\common\Grand Theft Auto IV\GTAIV" @args.txt
[2024-09-21 19:56:02.217] [DISPLAY] [Main ] [main] P4 Version: 
[2024-09-21 19:56:02.217] [DISPLAY] [Main ] [main] RGL Branch: release_10
[2024-09-21 19:56:02.217] [DISPLAY] [Main ] [main] Version: 1.0.95.2152
[2024-09-21 19:56:02.217] [DISPLAY] [Main ] [main] Parameters:
[2024-09-21 19:56:02.217] [DISPLAY] [Main ] [main]     C:\Program Files\Rockstar Games\Launcher\Launcher.exe
[2024-09-21 19:56:02.217] [DISPLAY] [Main ] [main]     -skipPatcherCheck
[2024-09-21 19:56:02.217] [DISPLAY] [Main ] [main]     -steamAppId=12210
[2024-09-21 19:56:02.217] [DISPLAY] [Main ] [main]     -steamLocation
[2024-09-21 19:56:02.217] [DISPLAY] [Main ] [main]     C:\Program Files (x86)\Steam\steamapps\common\Grand Theft Auto IV\GTAIV
[2024-09-21 19:56:02.217] [DISPLAY] [Main ] [main]     @args.txt
[2024-09-21 19:56:02.217] [DISPLAY] [Main ] [main] Initial Working Directory: C:\Program Files (x86)\Steam\steamapps\common\Grand Theft Auto IV\GTAIV
[2024-09-21 19:56:02.218] [DISPLAY] [Main ] [main] Working directory: C:\Program Files\Rockstar Games\Launcher
[2024-09-21 19:56:02.259] [DISPLAY] [Main ] [external] Creating Steam min mode launch
[2024-09-21 19:56:02.269] [DISPLAY] [Main ] [external] Steam App Id: 12210
[2024-09-21 19:56:02.269] [DISPLAY] [Main ] [external] Steam Location: C:\Program Files (x86)\Steam\steamapps\common\Grand Theft Auto IV\GTAIV
[2024-09-21 19:56:02.273] [DISPLAY] [Main ] [metadatamanager] Read external Steam metadata: gta4
[2024-09-21 19:56:02.273] [DISPLAY] [Main ] [external] App: gta4
[2024-09-21 19:56:02.308] [DISPLAY] [Main ] [localisation] Language updated to: 7
[2024-09-21 19:56:02.355] [DISPLAY] [Main ] [titlemanager] Installed titles:
[2024-09-21 19:56:02.355] [DISPLAY] [Main ] [titlemanager]  Title                             Progress               Version              Location                                                    
[2024-09-21 19:56:02.381] [DISPLAY] [Main ] [svc] Service version: 1.0.95.2152 (1.0.95.2152)
[2024-09-21 19:56:02.647] [DISPLAY] [Main ] [minmode] Overriding language from external game launch: ru-RU
[2024-09-21 19:56:02.647] [DISPLAY] [Main ] [localisation] Language updated to: 7
[2024-09-21 19:56:02.651] [DISPLAY] [Main ] [fileutils] Version: 2.3.6.5 | 1.0.95.2152 | FFP
[2024-09-21 19:56:02.731] [DISPLAY] [Workr] [selfupdate] Up-to-date.
[2024-09-21 19:56:03.156] [DISPLAY] [bgsvc] [svc] Received response from service.
[2024-09-21 19:56:04.521] [DISPLAY] [Main ] [systemtray] System tray: enabled
[2024-09-21 19:56:04.559] [DISPLAY] [Main ] [launcher] Passed check: majorVersion(10.0.22631) >= 10
[2024-09-21 19:56:04.572] [DISPLAY] [Workr] [idownloader] Starting download of 'https://gamedownloads-rockstargames-com.akamaized.net/public/launcher_online_config.xml'
[2024-09-21 19:56:06.000] [DISPLAY] [Workr] [idownloader] Completed download of 'https://gamedownloads-rockstargames-com.akamaized.net/public/launcher_online_config.xml' (status: 0/200)
[2024-09-21 19:56:06.000] [DISPLAY] [Workr] [titlemanager] Downloading title list...
[2024-09-21 19:56:06.000] [DISPLAY] [Workr] [titlemanager] Downloading default title list (SCS)...
[2024-09-21 19:56:06.000] [DISPLAY] [Workr] [idownloader] Starting download of 'https://rgl-prod.ros.rockstargames.com/launcher/11/LauncherServices/App.asmx/GetDefaultApps?accessToken='
[2024-09-21 19:56:07.952] [DISPLAY] [Workr] [idownloader] Completed download of 'https://rgl-prod.ros.rockstargames.com/launcher/11/LauncherServices/App.asmx/GetDefaultApps?accessToken=' (status: 0/200)
[2024-09-21 19:56:07.952] [DISPLAY] [Workr] [titlemanager] Title list updated.
[2024-09-21 19:56:07.952] [DISPLAY] [Workr] [launcher] Checking for self-update...
[2024-09-21 19:56:07.961] [DISPLAY] [Workr] [statuschecker] Title Rockstar Games Launcher: No update
[2024-09-21 19:56:07.971] [DISPLAY] [Workr] [launcher] No self-update, continuing.
[2024-09-21 19:56:07.971] [DISPLAY] [Workr] [launcher] Checking for prerequisite updates...
[2024-09-21 19:56:07.979] [DISPLAY] [Workr] [preqmanager] The Social Club version available matches that currently installed (both: 2.3.6.5)
[2024-09-21 19:56:07.979] [DISPLAY] [Workr] [titleupdater] No prerequisites to install.
[2024-09-21 19:56:07.979] [DISPLAY] [Workr] [launcher] Checking minimum SDK requirement
[2024-09-21 19:56:07.982] [DISPLAY] [Workr] [launcher] Completed Social Club Pre-initialization tasks
[2024-09-21 19:56:11.533] [DISPLAY] [Main ] [launcher] Social Club UI has started.
[2024-09-21 19:56:11.535] [DISPLAY] [Admin] [external] Setting up steam title: gta4
[2024-09-21 19:56:11.535] [DISPLAY] [Admin] [external] Successfully setup title
[2024-09-21 19:56:11.550] [DISPLAY] [Main ] [external] Client is ready to attempt a launch.
[2024-09-21 19:56:19.718] [DISPLAY] [Main ] [launcher] Presence Event - Signed In
[2024-09-21 19:56:19.718] [DISPLAY] [Main ] [launcher] User 'Qhalgas' is now signed in
[2024-09-21 19:56:19.823] [DISPLAY] [Main ] [launcher] Presence Event :: Went Online
[2024-09-21 19:56:19.823] [DISPLAY] [Admin] [titlemanager] Downloading title list...
[2024-09-21 19:56:19.823] [DISPLAY] [Admin] [titlemanager] Downloading title list (SCS)...
[2024-09-21 19:56:19.824] [DISPLAY] [Main ] [launcher] Time to start up: 20483 ms
[2024-09-21 19:56:19.837] [DISPLAY] [Main ] [ui_mainwindow] Using DPI 120,120
[2024-09-21 19:56:19.837] [DISPLAY] [Main ] [ui_mainwindow] Using UI Scale: 1.25
[2024-09-21 19:56:19.841] [DISPLAY] [Main ] [ui_mainwindow] Using saved geometry: 160,135 (1600 x 750)
[2024-09-21 19:56:19.902] [DISPLAY] [Main ] [systemtray] System tray: enabled
[2024-09-21 19:56:19.938] [DISPLAY] [Main ] [scuicallbacks] Enabling Downloading
[2024-09-21 19:56:20.368] [DISPLAY] [Main ] [scuicallbacks] Setting updated
[2024-09-21 19:56:20.369] [DISPLAY] [Main ] [scuicallbacks] Launch requested
[2024-09-21 19:56:20.369] [DISPLAY] [Main ] [scuicallbacks] Launch requested by user: gta4, 
[2024-09-21 19:56:20.369] [DISPLAY] [Main ] [external] Frontend is ready to launch the title
[2024-09-21 19:56:20.369] [DISPLAY] [Main ] [external] Attempting external title launch...
[2024-09-21 19:56:20.412] [DISPLAY] [Main ] [launcher] Friend Event - Friends are Available
[2024-09-21 19:56:20.415] [DISPLAY] [Setti] [localisation] Language updated to: 7
[2024-09-21 19:56:24.816] [DISPLAY] [Admin] [titlemanager] Title list updated.
[2024-09-21 19:56:24.818] [DISPLAY] [Admin] [external] Attempting Steam launch. User is 'akhmetdyanz'
[2024-09-21 19:56:24.892] [DISPLAY] [19960] [gamelaunch] Title has no minimum RGL version.
[2024-09-21 19:56:24.892] [DISPLAY] [19960] [gamelaunch] Title has no minimum RGL version.
[2024-09-21 19:56:30.434] [DISPLAY] [Admin] [titlemanager] Downloading title list...
[2024-09-21 19:56:30.434] [DISPLAY] [Admin] [titlemanager] Downloading title list (SCS)...
[2024-09-21 19:56:35.288] [DISPLAY] [Admin] [titlemanager] Title list updated.
[2024-09-21 19:56:42.278] [DISPLAY] [Main ] [gfwl] No GFWL save data migration is required.
[2024-09-21 19:56:42.295] [DISPLAY] [Main ] [cloudsaveop] Cloud Save sync requested for app 'gta4'
[2024-09-21 19:56:42.312] [DISPLAY] [Main ] [cloudsaveop] Starting cloud save enabled check for app 'gta4'
[2024-09-21 19:56:42.318] [DISPLAY] [Main ] [cloudsaveop] Received cloud saves enabled state for app 'gta4' = enabled
[2024-09-21 19:56:42.318] [DISPLAY] [Main ] [cloudsaveop] Identifying potential cloud save conflicts for app 'gta4'
[2024-09-21 19:56:44.544] [DISPLAY] [Main ] [cloudsaveop] Received modification list of cloud save files for title 'gta4'
[2024-09-21 19:56:44.544] [DISPLAY] [Main ] [cloudsaveop] Retrieving conflict metadata for app 'gta4'
[2024-09-21 19:56:44.561] [DISPLAY] [Main ] [cloudsaveop] Downloaded conflict metadata for app 'gta4'
[2024-09-21 19:56:44.561] [DISPLAY] [Main ] [cloudsaveop] Posting updated files for app 'gta4'
[2024-09-21 19:56:44.578] [DISPLAY] [Main ] [cloudsaveop] File uploading completed for app 'gta4'
[2024-09-21 19:56:44.578] [DISPLAY] [Main ] [cloudsaveop] Getting update files for app 'gta4'
[2024-09-21 19:56:44.595] [DISPLAY] [Main ] [cloudsaveop] File downloading completed for app 'gta4'
[2024-09-21 19:56:44.595] [DISPLAY] [Main ] [cloudsaveop] Deleting updated files for app 'gta4'
[2024-09-21 19:56:44.612] [DISPLAY] [Main ] [cloudsaveop] Files deletion completed for app 'gta4'
[2024-09-21 19:56:44.612] [DISPLAY] [Main ] [cloudsaveop] Swapping updated files in place for app 'gta4'
[2024-09-21 19:56:44.631] [DISPLAY] [Main ] [cloudsaveop] Finished syncing cloud saves for app 'gta4'
[2024-09-21 19:56:48.425] [DISPLAY] [19960] [gamelaunch] Launching game...
[2024-09-21 19:56:48.425] [DISPLAY] [19960] [gamelaunch]  Path: C:\Program Files (x86)\Steam\steamapps\common\Grand Theft Auto IV\GTAIV\GTAIV.exe
[2024-09-21 19:56:48.425] [DISPLAY] [19960] [gamelaunch]  Command Line: "C:\Program Files (x86)\Steam\steamapps\common\Grand Theft Auto IV\GTAIV\GTAIV.exe" -skipPatcherCheck -steamLocation "C:\Program Files (x86)\Steam\steamapps\common\Grand Theft Auto IV\GTAIV" @args.txt -useSteam -steamAppId=12210 -scCommerceProvider=4 @commandline.txt -rglLanguage=ru-RU
[2024-09-21 19:56:48.425] [DISPLAY] [19960] [gamelaunch]  Working Directory: C:\Program Files (x86)\Steam\steamapps\common\Grand Theft Auto IV\GTAIV
